<?xml version="1.0" encoding="UTF-8"?>
<coverage generated="1620288964602" clover="3.2.0">
  <project timestamp="1620288964602" name="All files">
    <metrics statements="54" coveredstatements="37" conditionals="24" coveredconditionals="15" methods="27" coveredmethods="19" elements="105" coveredelements="71" complexity="0" loc="54" ncloc="54" packages="5" files="6" classes="6"/>
    <package name="actions">
      <metrics statements="20" coveredstatements="13" conditionals="0" coveredconditionals="0" methods="15" coveredmethods="10"/>
      <file name="movies.js" path="F:\EPAM\React-course\task04\GMP-Task1\src\actions\movies.js">
        <metrics statements="20" coveredstatements="13" conditionals="0" coveredconditionals="0" methods="15" coveredmethods="10"/>
        <line num="4" count="0" type="stmt"/>
        <line num="11" count="1" type="stmt"/>
        <line num="12" count="1" type="stmt"/>
        <line num="13" count="1" type="stmt"/>
        <line num="18" count="1" type="stmt"/>
        <line num="25" count="1" type="stmt"/>
        <line num="26" count="1" type="stmt"/>
        <line num="27" count="1" type="stmt"/>
        <line num="32" count="1" type="stmt"/>
        <line num="39" count="3" type="stmt"/>
        <line num="40" count="3" type="stmt"/>
        <line num="41" count="3" type="stmt"/>
        <line num="46" count="1" type="stmt"/>
        <line num="53" count="0" type="stmt"/>
        <line num="54" count="0" type="stmt"/>
        <line num="55" count="0" type="stmt"/>
        <line num="60" count="1" type="stmt"/>
        <line num="67" count="0" type="stmt"/>
        <line num="68" count="0" type="stmt"/>
        <line num="69" count="0" type="stmt"/>
      </file>
    </package>
    <package name="components.add-movie">
      <metrics statements="12" coveredstatements="7" conditionals="2" coveredconditionals="1" methods="6" coveredmethods="3"/>
      <file name="index.js" path="F:\EPAM\React-course\task04\GMP-Task1\src\components\add-movie\index.js">
        <metrics statements="12" coveredstatements="7" conditionals="2" coveredconditionals="1" methods="6" coveredmethods="3"/>
        <line num="12" count="2" type="stmt"/>
        <line num="13" count="2" type="cond" truecount="1" falsecount="1"/>
        <line num="14" count="0" type="stmt"/>
        <line num="16" count="2" type="stmt"/>
        <line num="19" count="0" type="stmt"/>
        <line num="65" count="0" type="stmt"/>
        <line num="66" count="0" type="stmt"/>
        <line num="161" count="1" type="stmt"/>
        <line num="162" count="2" type="stmt"/>
        <line num="167" count="1" type="stmt"/>
        <line num="168" count="2" type="stmt"/>
        <line num="169" count="0" type="stmt"/>
      </file>
    </package>
    <package name="components.form">
      <metrics statements="6" coveredstatements="6" conditionals="12" coveredconditionals="10" methods="2" coveredmethods="2"/>
      <file name="SelectInput.js" path="F:\EPAM\React-course\task04\GMP-Task1\src\components\form\SelectInput.js">
        <metrics statements="3" coveredstatements="3" conditionals="6" coveredconditionals="5" methods="1" coveredmethods="1"/>
        <line num="4" count="1" type="stmt"/>
        <line num="5" count="5" type="stmt"/>
        <line num="6" count="5" type="stmt"/>
      </file>
      <file name="TextInput.js" path="F:\EPAM\React-course\task04\GMP-Task1\src\components\form\TextInput.js">
        <metrics statements="3" coveredstatements="3" conditionals="6" coveredconditionals="5" methods="1" coveredmethods="1"/>
        <line num="4" count="1" type="stmt"/>
        <line num="5" count="50" type="stmt"/>
        <line num="6" count="50" type="stmt"/>
      </file>
    </package>
    <package name="components.search">
      <metrics statements="10" coveredstatements="9" conditionals="4" coveredconditionals="2" methods="3" coveredmethods="3"/>
      <file name="index.js" path="F:\EPAM\React-course\task04\GMP-Task1\src\components\search\index.js">
        <metrics statements="10" coveredstatements="9" conditionals="4" coveredconditionals="2" methods="3" coveredmethods="3"/>
        <line num="6" count="4" type="stmt"/>
        <line num="7" count="4" type="stmt"/>
        <line num="8" count="4" type="stmt"/>
        <line num="9" count="4" type="cond" truecount="1" falsecount="1"/>
        <line num="10" count="0" type="stmt"/>
        <line num="12" count="4" type="stmt"/>
        <line num="13" count="1" type="stmt"/>
        <line num="16" count="1" type="stmt"/>
        <line num="18" count="4" type="stmt"/>
        <line num="24" count="1" type="stmt"/>
      </file>
    </package>
    <package name="reducers">
      <metrics statements="6" coveredstatements="2" conditionals="6" coveredconditionals="2" methods="1" coveredmethods="1"/>
      <file name="movies.js" path="F:\EPAM\React-course\task04\GMP-Task1\src\reducers\movies.js">
        <metrics statements="6" coveredstatements="2" conditionals="6" coveredconditionals="2" methods="1" coveredmethods="1"/>
        <line num="3" count="1" type="cond" truecount="1" falsecount="4"/>
        <line num="5" count="0" type="stmt"/>
        <line num="7" count="0" type="stmt"/>
        <line num="9" count="0" type="stmt"/>
        <line num="11" count="0" type="stmt"/>
        <line num="13" count="1" type="stmt"/>
      </file>
    </package>
  </project>
</coverage>
