{"F:\\EPAM\\React-course\\task04\\GMP-Task1\\src\\actions\\movies.js": {"path":"F:\\EPAM\\React-course\\task04\\GMP-Task1\\src\\actions\\movies.js","statementMap":{"0":{"start":{"line":4,"column":4},"end":{"line":7,"column":5}},"1":{"start":{"line":11,"column":4},"end":{"line":14,"column":5}},"2":{"start":{"line":12,"column":25},"end":{"line":12,"column":45}},"3":{"start":{"line":13,"column":8},"end":{"line":13,"column":62}},"4":{"start":{"line":18,"column":4},"end":{"line":21,"column":5}},"5":{"start":{"line":25,"column":4},"end":{"line":28,"column":5}},"6":{"start":{"line":26,"column":25},"end":{"line":26,"column":80}},"7":{"start":{"line":27,"column":8},"end":{"line":27,"column":58}},"8":{"start":{"line":32,"column":4},"end":{"line":35,"column":5}},"9":{"start":{"line":39,"column":4},"end":{"line":42,"column":5}},"10":{"start":{"line":40,"column":25},"end":{"line":40,"column":78}},"11":{"start":{"line":41,"column":8},"end":{"line":41,"column":59}},"12":{"start":{"line":46,"column":4},"end":{"line":49,"column":5}},"13":{"start":{"line":53,"column":4},"end":{"line":56,"column":5}},"14":{"start":{"line":54,"column":25},"end":{"line":54,"column":80}},"15":{"start":{"line":55,"column":8},"end":{"line":55,"column":59}},"16":{"start":{"line":60,"column":4},"end":{"line":63,"column":5}},"17":{"start":{"line":67,"column":4},"end":{"line":70,"column":5}},"18":{"start":{"line":68,"column":25},"end":{"line":68,"column":81}},"19":{"start":{"line":69,"column":8},"end":{"line":69,"column":62}}},"fnMap":{"0":{"name":"moviesFetchDataSuccess","decl":{"start":{"line":3,"column":16},"end":{"line":3,"column":38}},"loc":{"start":{"line":3,"column":47},"end":{"line":8,"column":1}},"line":3},"1":{"name":"moviesFetchData","decl":{"start":{"line":10,"column":16},"end":{"line":10,"column":31}},"loc":{"start":{"line":10,"column":37},"end":{"line":15,"column":1}},"line":10},"2":{"name":"(anonymous_2)","decl":{"start":{"line":11,"column":11},"end":{"line":11,"column":12}},"loc":{"start":{"line":11,"column":31},"end":{"line":14,"column":5}},"line":11},"3":{"name":"createMovieSuccess","decl":{"start":{"line":17,"column":16},"end":{"line":17,"column":34}},"loc":{"start":{"line":17,"column":42},"end":{"line":22,"column":1}},"line":17},"4":{"name":"createMovieData","decl":{"start":{"line":24,"column":16},"end":{"line":24,"column":31}},"loc":{"start":{"line":24,"column":39},"end":{"line":29,"column":1}},"line":24},"5":{"name":"(anonymous_5)","decl":{"start":{"line":25,"column":11},"end":{"line":25,"column":12}},"loc":{"start":{"line":25,"column":31},"end":{"line":28,"column":5}},"line":25},"6":{"name":"getMovieByIdSuccess","decl":{"start":{"line":31,"column":16},"end":{"line":31,"column":35}},"loc":{"start":{"line":31,"column":43},"end":{"line":36,"column":1}},"line":31},"7":{"name":"getMovieByIdData","decl":{"start":{"line":38,"column":16},"end":{"line":38,"column":32}},"loc":{"start":{"line":38,"column":37},"end":{"line":43,"column":1}},"line":38},"8":{"name":"(anonymous_8)","decl":{"start":{"line":39,"column":11},"end":{"line":39,"column":12}},"loc":{"start":{"line":39,"column":31},"end":{"line":42,"column":5}},"line":39},"9":{"name":"updateMovieByIdSuccess","decl":{"start":{"line":45,"column":16},"end":{"line":45,"column":38}},"loc":{"start":{"line":45,"column":46},"end":{"line":50,"column":1}},"line":45},"10":{"name":"updateMovieByIdData","decl":{"start":{"line":52,"column":16},"end":{"line":52,"column":35}},"loc":{"start":{"line":52,"column":43},"end":{"line":57,"column":1}},"line":52},"11":{"name":"(anonymous_11)","decl":{"start":{"line":53,"column":11},"end":{"line":53,"column":12}},"loc":{"start":{"line":53,"column":31},"end":{"line":56,"column":5}},"line":53},"12":{"name":"removeMovieByIdSuccess","decl":{"start":{"line":59,"column":16},"end":{"line":59,"column":38}},"loc":{"start":{"line":59,"column":46},"end":{"line":64,"column":1}},"line":59},"13":{"name":"removeMovieByIdData","decl":{"start":{"line":66,"column":16},"end":{"line":66,"column":35}},"loc":{"start":{"line":66,"column":40},"end":{"line":71,"column":1}},"line":66},"14":{"name":"(anonymous_14)","decl":{"start":{"line":67,"column":11},"end":{"line":67,"column":12}},"loc":{"start":{"line":67,"column":31},"end":{"line":70,"column":5}},"line":67}},"branchMap":{},"s":{"0":0,"1":1,"2":1,"3":1,"4":1,"5":1,"6":1,"7":1,"8":1,"9":3,"10":3,"11":3,"12":1,"13":0,"14":0,"15":0,"16":1,"17":0,"18":0,"19":0},"f":{"0":0,"1":1,"2":1,"3":1,"4":1,"5":1,"6":1,"7":3,"8":3,"9":1,"10":0,"11":0,"12":1,"13":0,"14":0},"b":{},"_coverageSchema":"1a1c01bbd47fc00a2c39e90264f33305004495a9","hash":"f0c836427f2ad2c1ad4591b49139c93827b04fe5"}
,"F:\\EPAM\\React-course\\task04\\GMP-Task1\\src\\components\\add-movie\\index.js": {"path":"F:\\EPAM\\React-course\\task04\\GMP-Task1\\src\\components\\add-movie\\index.js","statementMap":{"0":{"start":{"line":12,"column":49},"end":{"line":12,"column":54}},"1":{"start":{"line":13,"column":4},"end":{"line":15,"column":5}},"2":{"start":{"line":14,"column":8},"end":{"line":14,"column":20}},"3":{"start":{"line":16,"column":4},"end":{"line":158,"column":6}},"4":{"start":{"line":19,"column":67},"end":{"line":19,"column":92}},"5":{"start":{"line":65,"column":20},"end":{"line":65,"column":50}},"6":{"start":{"line":66,"column":20},"end":{"line":66,"column":41}},"7":{"start":{"line":161,"column":24},"end":{"line":165,"column":1}},"8":{"start":{"line":162,"column":4},"end":{"line":164,"column":6}},"9":{"start":{"line":167,"column":27},"end":{"line":171,"column":1}},"10":{"start":{"line":168,"column":4},"end":{"line":170,"column":6}},"11":{"start":{"line":169,"column":33},"end":{"line":169,"column":64}}},"fnMap":{"0":{"name":"AddMovieModal","decl":{"start":{"line":11,"column":9},"end":{"line":11,"column":22}},"loc":{"start":{"line":11,"column":30},"end":{"line":159,"column":1}},"line":11},"1":{"name":"(anonymous_1)","decl":{"start":{"line":19,"column":61},"end":{"line":19,"column":62}},"loc":{"start":{"line":19,"column":67},"end":{"line":19,"column":92}},"line":19},"2":{"name":"(anonymous_2)","decl":{"start":{"line":64,"column":26},"end":{"line":64,"column":27}},"loc":{"start":{"line":64,"column":57},"end":{"line":67,"column":17}},"line":64},"3":{"name":"(anonymous_3)","decl":{"start":{"line":161,"column":24},"end":{"line":161,"column":25}},"loc":{"start":{"line":161,"column":35},"end":{"line":165,"column":1}},"line":161},"4":{"name":"(anonymous_4)","decl":{"start":{"line":167,"column":27},"end":{"line":167,"column":28}},"loc":{"start":{"line":167,"column":39},"end":{"line":171,"column":1}},"line":167},"5":{"name":"(anonymous_5)","decl":{"start":{"line":169,"column":25},"end":{"line":169,"column":26}},"loc":{"start":{"line":169,"column":33},"end":{"line":169,"column":64}},"line":169}},"branchMap":{"0":{"loc":{"start":{"line":13,"column":4},"end":{"line":15,"column":5}},"type":"if","locations":[{"start":{"line":13,"column":4},"end":{"line":15,"column":5}},{"start":{"line":13,"column":4},"end":{"line":15,"column":5}}],"line":13}},"s":{"0":2,"1":2,"2":0,"3":2,"4":0,"5":0,"6":0,"7":1,"8":2,"9":1,"10":2,"11":0},"f":{"0":2,"1":0,"2":0,"3":2,"4":2,"5":0},"b":{"0":[0,2]},"_coverageSchema":"1a1c01bbd47fc00a2c39e90264f33305004495a9","hash":"2afff30894d55230127a7acf62e598632da68872"}
,"F:\\EPAM\\React-course\\task04\\GMP-Task1\\src\\components\\form\\SelectInput.js": {"path":"F:\\EPAM\\React-course\\task04\\GMP-Task1\\src\\components\\form\\SelectInput.js","statementMap":{"0":{"start":{"line":4,"column":20},"end":{"line":15,"column":1}},"1":{"start":{"line":5,"column":26},"end":{"line":5,"column":41}},"2":{"start":{"line":6,"column":4},"end":{"line":14,"column":6}}},"fnMap":{"0":{"name":"(anonymous_0)","decl":{"start":{"line":4,"column":20},"end":{"line":4,"column":21}},"loc":{"start":{"line":4,"column":45},"end":{"line":15,"column":1}},"line":4}},"branchMap":{"0":{"loc":{"start":{"line":8,"column":28},"end":{"line":8,"column":50}},"type":"binary-expr","locations":[{"start":{"line":8,"column":28},"end":{"line":8,"column":36}},{"start":{"line":8,"column":40},"end":{"line":8,"column":50}}],"line":8},"1":{"loc":{"start":{"line":10,"column":13},"end":{"line":12,"column":20}},"type":"cond-expr","locations":[{"start":{"line":11,"column":16},"end":{"line":11,"column":73}},{"start":{"line":12,"column":16},"end":{"line":12,"column":20}}],"line":10},"2":{"loc":{"start":{"line":10,"column":13},"end":{"line":10,"column":39}},"type":"binary-expr","locations":[{"start":{"line":10,"column":13},"end":{"line":10,"column":25}},{"start":{"line":10,"column":29},"end":{"line":10,"column":39}}],"line":10}},"s":{"0":1,"1":5,"2":5},"f":{"0":5},"b":{"0":[5,5],"1":[0,5],"2":[5,1]},"_coverageSchema":"1a1c01bbd47fc00a2c39e90264f33305004495a9","hash":"d5f86a6d2388f47d75d262e2049bf53b0bf9826a"}
,"F:\\EPAM\\React-course\\task04\\GMP-Task1\\src\\components\\form\\TextInput.js": {"path":"F:\\EPAM\\React-course\\task04\\GMP-Task1\\src\\components\\form\\TextInput.js","statementMap":{"0":{"start":{"line":4,"column":18},"end":{"line":16,"column":1}},"1":{"start":{"line":5,"column":26},"end":{"line":5,"column":41}},"2":{"start":{"line":6,"column":4},"end":{"line":15,"column":6}}},"fnMap":{"0":{"name":"(anonymous_0)","decl":{"start":{"line":4,"column":18},"end":{"line":4,"column":19}},"loc":{"start":{"line":4,"column":43},"end":{"line":16,"column":1}},"line":4}},"branchMap":{"0":{"loc":{"start":{"line":8,"column":28},"end":{"line":8,"column":50}},"type":"binary-expr","locations":[{"start":{"line":8,"column":28},"end":{"line":8,"column":36}},{"start":{"line":8,"column":40},"end":{"line":8,"column":50}}],"line":8},"1":{"loc":{"start":{"line":11,"column":13},"end":{"line":13,"column":20}},"type":"cond-expr","locations":[{"start":{"line":12,"column":16},"end":{"line":12,"column":73}},{"start":{"line":13,"column":16},"end":{"line":13,"column":20}}],"line":11},"2":{"loc":{"start":{"line":11,"column":13},"end":{"line":11,"column":39}},"type":"binary-expr","locations":[{"start":{"line":11,"column":13},"end":{"line":11,"column":25}},{"start":{"line":11,"column":29},"end":{"line":11,"column":39}}],"line":11}},"s":{"0":1,"1":50,"2":50},"f":{"0":50},"b":{"0":[50,50],"1":[0,50],"2":[50,10]},"_coverageSchema":"1a1c01bbd47fc00a2c39e90264f33305004495a9","hash":"ee7ca5b5ca91a483db8d2cf285bfd15127acf9f6"}
,"F:\\EPAM\\React-course\\task04\\GMP-Task1\\src\\components\\search\\index.js": {"path":"F:\\EPAM\\React-course\\task04\\GMP-Task1\\src\\components\\search\\index.js","statementMap":{"0":{"start":{"line":6,"column":30},"end":{"line":6,"column":42}},"1":{"start":{"line":7,"column":20},"end":{"line":7,"column":32}},"2":{"start":{"line":8,"column":24},"end":{"line":8,"column":55}},"3":{"start":{"line":9,"column":4},"end":{"line":11,"column":5}},"4":{"start":{"line":10,"column":8},"end":{"line":10,"column":42}},"5":{"start":{"line":12,"column":26},"end":{"line":17,"column":5}},"6":{"start":{"line":13,"column":8},"end":{"line":15,"column":10}},"7":{"start":{"line":16,"column":8},"end":{"line":16,"column":36}},"8":{"start":{"line":18,"column":4},"end":{"line":30,"column":6}},"9":{"start":{"line":24,"column":24},"end":{"line":24,"column":49}}},"fnMap":{"0":{"name":"SearchPanel","decl":{"start":{"line":5,"column":9},"end":{"line":5,"column":20}},"loc":{"start":{"line":5,"column":28},"end":{"line":31,"column":1}},"line":5},"1":{"name":"(anonymous_1)","decl":{"start":{"line":12,"column":26},"end":{"line":12,"column":27}},"loc":{"start":{"line":12,"column":32},"end":{"line":17,"column":5}},"line":12},"2":{"name":"(anonymous_2)","decl":{"start":{"line":23,"column":30},"end":{"line":23,"column":31}},"loc":{"start":{"line":23,"column":37},"end":{"line":25,"column":21}},"line":23}},"branchMap":{"0":{"loc":{"start":{"line":9,"column":4},"end":{"line":11,"column":5}},"type":"if","locations":[{"start":{"line":9,"column":4},"end":{"line":11,"column":5}},{"start":{"line":9,"column":4},"end":{"line":11,"column":5}}],"line":9},"1":{"loc":{"start":{"line":14,"column":23},"end":{"line":14,"column":37}},"type":"binary-expr","locations":[{"start":{"line":14,"column":23},"end":{"line":14,"column":28}},{"start":{"line":14,"column":32},"end":{"line":14,"column":37}}],"line":14}},"s":{"0":4,"1":4,"2":4,"3":4,"4":0,"5":4,"6":1,"7":1,"8":4,"9":1},"f":{"0":4,"1":1,"2":1},"b":{"0":[0,4],"1":[1,0]},"_coverageSchema":"1a1c01bbd47fc00a2c39e90264f33305004495a9","hash":"5d60b0a0389b02e9035ec069f9cb25c6dbe4c994"}
,"F:\\EPAM\\React-course\\task04\\GMP-Task1\\src\\reducers\\movies.js": {"path":"F:\\EPAM\\React-course\\task04\\GMP-Task1\\src\\reducers\\movies.js","statementMap":{"0":{"start":{"line":3,"column":4},"end":{"line":14,"column":5}},"1":{"start":{"line":5,"column":12},"end":{"line":5,"column":33}},"2":{"start":{"line":7,"column":12},"end":{"line":7,"column":32}},"3":{"start":{"line":9,"column":12},"end":{"line":9,"column":32}},"4":{"start":{"line":11,"column":12},"end":{"line":11,"column":32}},"5":{"start":{"line":13,"column":12},"end":{"line":13,"column":25}}},"fnMap":{"0":{"name":"movies","decl":{"start":{"line":2,"column":16},"end":{"line":2,"column":22}},"loc":{"start":{"line":2,"column":43},"end":{"line":15,"column":1}},"line":2}},"branchMap":{"0":{"loc":{"start":{"line":2,"column":23},"end":{"line":2,"column":33}},"type":"default-arg","locations":[{"start":{"line":2,"column":31},"end":{"line":2,"column":33}}],"line":2},"1":{"loc":{"start":{"line":3,"column":4},"end":{"line":14,"column":5}},"type":"switch","locations":[{"start":{"line":4,"column":8},"end":{"line":5,"column":33}},{"start":{"line":6,"column":8},"end":{"line":7,"column":32}},{"start":{"line":8,"column":8},"end":{"line":9,"column":32}},{"start":{"line":10,"column":8},"end":{"line":11,"column":32}},{"start":{"line":12,"column":8},"end":{"line":13,"column":25}}],"line":3}},"s":{"0":1,"1":0,"2":0,"3":0,"4":0,"5":1},"f":{"0":1},"b":{"0":[1],"1":[0,0,0,0,1]},"_coverageSchema":"1a1c01bbd47fc00a2c39e90264f33305004495a9","hash":"7b1bcb9c43298d2a34deaa78a6f23cd9e77d1c06"}
}
