TN:
SF:src\actions\movies.js
FN:3,moviesFetchDataSuccess
FN:10,moviesFetchData
FN:11,(anonymous_2)
FN:17,createMovieSuccess
FN:24,createMovieData
FN:25,(anonymous_5)
FN:31,getMovieByIdSuccess
FN:38,getMovieByIdData
FN:39,(anonymous_8)
FN:45,updateMovieByIdSuccess
FN:52,updateMovieByIdData
FN:53,(anonymous_11)
FN:59,removeMovieByIdSuccess
FN:66,removeMovieByIdData
FN:67,(anonymous_14)
FNF:15
FNH:10
FNDA:0,moviesFetchDataSuccess
FNDA:1,moviesFetchData
FNDA:1,(anonymous_2)
FNDA:1,createMovieSuccess
FNDA:1,createMovieData
FNDA:1,(anonymous_5)
FNDA:1,getMovieByIdSuccess
FNDA:3,getMovieByIdData
FNDA:3,(anonymous_8)
FNDA:1,updateMovieByIdSuccess
FNDA:0,updateMovieByIdData
FNDA:0,(anonymous_11)
FNDA:1,removeMovieByIdSuccess
FNDA:0,removeMovieByIdData
FNDA:0,(anonymous_14)
DA:4,0
DA:11,1
DA:12,1
DA:13,1
DA:18,1
DA:25,1
DA:26,1
DA:27,1
DA:32,1
DA:39,3
DA:40,3
DA:41,3
DA:46,1
DA:53,0
DA:54,0
DA:55,0
DA:60,1
DA:67,0
DA:68,0
DA:69,0
LF:20
LH:13
BRF:0
BRH:0
end_of_record
TN:
SF:src\components\add-movie\index.js
FN:11,AddMovieModal
FN:19,(anonymous_1)
FN:64,(anonymous_2)
FN:161,(anonymous_3)
FN:167,(anonymous_4)
FN:169,(anonymous_5)
FNF:6
FNH:3
FNDA:2,AddMovieModal
FNDA:0,(anonymous_1)
FNDA:0,(anonymous_2)
FNDA:2,(anonymous_3)
FNDA:2,(anonymous_4)
FNDA:0,(anonymous_5)
DA:12,2
DA:13,2
DA:14,0
DA:16,2
DA:19,0
DA:65,0
DA:66,0
DA:161,1
DA:162,2
DA:167,1
DA:168,2
DA:169,0
LF:12
LH:7
BRDA:13,0,0,0
BRDA:13,0,1,2
BRF:2
BRH:1
end_of_record
TN:
SF:src\components\form\SelectInput.js
FN:4,(anonymous_0)
FNF:1
FNH:1
FNDA:5,(anonymous_0)
DA:4,1
DA:5,5
DA:6,5
LF:3
LH:3
BRDA:8,0,0,5
BRDA:8,0,1,5
BRDA:10,1,0,0
BRDA:10,1,1,5
BRDA:10,2,0,5
BRDA:10,2,1,1
BRF:6
BRH:5
end_of_record
TN:
SF:src\components\form\TextInput.js
FN:4,(anonymous_0)
FNF:1
FNH:1
FNDA:50,(anonymous_0)
DA:4,1
DA:5,50
DA:6,50
LF:3
LH:3
BRDA:8,0,0,50
BRDA:8,0,1,50
BRDA:11,1,0,0
BRDA:11,1,1,50
BRDA:11,2,0,50
BRDA:11,2,1,10
BRF:6
BRH:5
end_of_record
TN:
SF:src\components\search\index.js
FN:5,SearchPanel
FN:12,(anonymous_1)
FN:23,(anonymous_2)
FNF:3
FNH:3
FNDA:4,SearchPanel
FNDA:1,(anonymous_1)
FNDA:1,(anonymous_2)
DA:6,4
DA:7,4
DA:8,4
DA:9,4
DA:10,0
DA:12,4
DA:13,1
DA:16,1
DA:18,4
DA:24,1
LF:10
LH:9
BRDA:9,0,0,0
BRDA:9,0,1,4
BRDA:14,1,0,1
BRDA:14,1,1,0
BRF:4
BRH:2
end_of_record
TN:
SF:src\reducers\movies.js
FN:2,movies
FNF:1
FNH:1
FNDA:1,movies
DA:3,1
DA:5,0
DA:7,0
DA:9,0
DA:11,0
DA:13,1
LF:6
LH:2
BRDA:2,0,0,1
BRDA:3,1,0,0
BRDA:3,1,1,0
BRDA:3,1,2,0
BRDA:3,1,3,0
BRDA:3,1,4,1
BRF:6
BRH:2
end_of_record
